epoch,accuracy,loss,val_accuracy,val_loss
0,0.49667862,1.1020312706325766,0.5266870260238647,0.9922624831196283
1,0.60402095,0.9026318686495214,0.6437808871269226,0.8591271564171731
2,0.64811003,0.8078012232090611,0.6778744459152222,0.773516548876759
3,0.66433483,0.7666909678904134,0.6992710828781128,0.7054487388890237
4,0.68567395,0.7301690932493573,0.6644721627235413,0.7839523777102908
5,0.69543236,0.7066616988652991,0.6872795820236206,0.737273739711722
6,0.7016636,0.6891181427722857,0.6969197988510132,0.7243558249836833
7,0.7104227,0.6683272859608852,0.715965211391449,0.6668843523687457
8,0.71612483,0.6597947171493909,0.7084410786628723,0.6531221330824555
9,0.7289989,0.6384512957816864,0.7190218567848206,0.6571136007526469
10,0.7329963,0.62921364956604,0.7067952156066895,0.6618101668867985
11,0.73305506,0.6215354975734072,0.6809310913085938,0.796873832180616
12,0.74034446,0.6123174758620674,0.7446508407592773,0.6078083389735407
13,0.7398742,0.6013008243234117,0.6816365122795105,0.7123504386434772
14,0.7468697,0.591961596759635,0.7133787870407104,0.6637266330822142
15,0.7488684,0.5849968924926608,0.7361862063407898,0.6149702518933132
16,0.75180763,0.5800578643857862,0.7420644164085388,0.619075288162662
17,0.76080185,0.569515961029144,0.7484129071235657,0.6012443987139808
18,0.75786257,0.5692502446685068,0.7566423416137695,0.5922310686156297
19,0.761037,0.5644084942343653,0.747002124786377,0.6043703541485472
20,0.7640938,0.5594466690958005,0.7495885491371155,0.5923020097050643
21,0.7645053,0.5556589218998466,0.7375969886779785,0.625861683719836
22,0.7712656,0.5465553132645787,0.7568774819374084,0.5792681173159323
23,0.7717359,0.5446093251788422,0.7437103390693665,0.590597895336465
24,0.77444005,0.536192346355719,0.7644016146659851,0.5583081129940992
25,0.77120686,0.5381209253283743,0.7542911171913147,0.5852480551620778
26,0.77285284,0.536931633975559,0.7524100542068481,0.5910784479956781
27,0.7778496,0.5292908194470003,0.7538208365440369,0.5801732527937801
28,0.7800247,0.5290715556286691,0.771925687789917,0.5560374778073282
29,0.77937806,0.5223898962004307,0.7679285407066345,0.5634766311161159
30,0.78184706,0.5212459806853252,0.7427698373794556,0.6251597493193218
31,0.7814943,0.5168352845074478,0.7622854709625244,0.5785392702340575
32,0.7857269,0.5131306262493807,0.7721608281135559,0.5593647294371878
33,0.78455114,0.5104861715351363,0.7674582600593567,0.5587129466762942
34,0.7863147,0.5076679071854623,0.7458264827728271,0.5889380822287092
35,0.78784317,0.5052400700899948,0.7519398331642151,0.5951546550834148
36,0.78831345,0.5020929101643673,0.7498236298561096,0.624285825036594
37,0.78960675,0.4989012839789113,0.7742769718170166,0.5563759528943126
38,0.7910176,0.5025734966635584,0.7676934003829956,0.5554061742311586
39,0.7944859,0.49396619256243113,0.7773336172103882,0.5505019546732351
40,0.79589677,0.49308319874495454,0.7557018399238586,0.5750605739371064
41,0.79707247,0.48785665030377395,0.7707500457763672,0.5686331513402828
42,0.7953089,0.4881244468335773,0.7582882642745972,0.5750946867453359
43,0.7934866,0.4884667015953057,0.7679285407066345,0.5642095456579111
44,0.7968961,0.4882464714220862,0.7728661894798279,0.5494759542757613
45,0.7986009,0.4815429390671602,0.777803897857666,0.553109554215204
46,0.7977779,0.4826181348434909,0.7733364701271057,0.5651186644722651
47,0.8000705,0.481162506969831,0.7566423416137695,0.5999745863789591
48,0.804597,0.4752158183955087,0.7676934003829956,0.575100229889708
49,0.8023044,0.4757556940896627,0.7726311087608337,0.5471122506195704
50,0.7996591,0.47241869987539425,0.7265459895133972,0.6584966262592699
51,0.80442065,0.4732599624211276,0.777803897857666,0.565305784733582
52,0.8040092,0.4738640853718302,0.7869738936424255,0.5315610220537111
53,0.8081242,0.46938619843292306,0.771220326423645,0.5597406271455317
54,0.8006584,0.4779485421024522,0.7742769718170166,0.5432295647966365
55,0.80777144,0.4670906140616342,0.7672231197357178,0.560045127753171
56,0.80718356,0.4688560790881356,0.7759228944778442,0.5455453965752483
57,0.80894715,0.4634576887356584,0.7700446844100952,0.5520467797560101
58,0.8067721,0.4623633921829651,0.7865036725997925,0.544325350930263
59,0.8127682,0.4569469840902478,0.7796849012374878,0.567065662309587
60,0.81270945,0.4566939165826113,0.7681636214256287,0.5647501292969798
61,0.8092999,0.4565679345852161,0.771925687789917,0.548275339093288
62,0.8124155,0.45291934210250184,0.7688690423965454,0.5741614978747343
63,0.80847687,0.45552532595516226,0.7806254625320435,0.5408099457400842
64,0.81182766,0.4578791675001539,0.7787443995475769,0.5491793930124121
65,0.8227617,0.42849100970708953,0.7865036725997925,0.5326523811304791
66,0.83046263,0.415013251530417,0.7883846759796143,0.53118659783301
67,0.83422494,0.4060371867350103,0.790265679359436,0.5322218047235535
68,0.83598846,0.40081170053437487,0.7822713255882263,0.5357117434683727
69,0.83557695,0.4052699708159334,0.7860333919525146,0.5339657322689978
70,0.837223,0.39953566820040826,0.7869738936424255,0.5369234318638476
71,0.83922166,0.39549332887615785,0.7865036725997925,0.5352119215300525
72,0.8376933,0.3987976890603713,0.7865036725997925,0.5408941235103356
73,0.83816355,0.3960637116560432,0.7895603179931641,0.5358071741554952
74,0.84022105,0.3938115873802669,0.7886198163032532,0.5357545704217117
75,0.8395744,0.39437145765941545,0.7872090339660645,0.5390125235024548
76,0.8405737,0.3904427722228715,0.7855631113052368,0.545582869705693
77,0.8415143,0.3911007508687203,0.7853280305862427,0.544893127461195
78,0.8399859,0.3929542604875231,0.7848577499389648,0.5422109521166902
79,0.8399859,0.38823434635169024,0.7872090339660645,0.5403902680557698
80,0.838869,0.38752270330022404,0.7865036725997925,0.5406468583574414
81,0.841867,0.3868969767474601,0.7881495356559753,0.540681424111219
82,0.8428076,0.38505263798703987,0.7874441742897034,0.5410203055132425
83,0.83804595,0.39238409550583386,0.7869738936424255,0.5407784163475373
84,0.84257245,0.38375488744407976,0.7883846759796143,0.5409698357392613
85,0.8452178,0.38363539984242906,0.7867387533187866,0.5416400684151065
86,0.84404206,0.37888662153454755,0.7862685322761536,0.5414109815086389
87,0.84257245,0.3862342620665389,0.7886198163032532,0.5422517079592816
88,0.8445124,0.3865746892018543,0.7879143953323364,0.5430501748078743
89,0.8401623,0.38656579198138463,0.7881495356559753,0.5415412771710222
90,0.8464523,0.3808626791824845,0.7881495356559753,0.541439503466357
91,0.8485098,0.38070735152972646,0.7888548970222473,0.5418075653992623
92,0.8444536,0.381573750164611,0.7879143953323364,0.5425896114765435
93,0.843513,0.38387489587946283,0.7883846759796143,0.5425756411596716
94,0.8436894,0.384081732390398,0.7881495356559753,0.5420592120331146
95,0.84798074,0.38318540209584695,0.7874441742897034,0.5421516701120112
96,0.843513,0.38444128648663356,0.7881495356559753,0.5413929636818141
97,0.84269005,0.3839281805765831,0.7881495356559753,0.5420542016762048
98,0.8469226,0.3799308272193933,0.7876793146133423,0.5420269252355312
99,0.8439833,0.3832514641169104,0.7874441742897034,0.5420374397373244
100,0.8432191,0.38194482368974697,0.7888548970222473,0.5419082521004814
101,0.8457469,0.38038135273215085,0.7888548970222473,0.5418717480325261
102,0.8469226,0.37905995998984676,0.7890900373458862,0.5421675939910865
103,0.84022105,0.3847673288357895,0.7888548970222473,0.5419761539416512
104,0.8432191,0.3866596999454173,0.7890900373458862,0.5414174304074634
105,0.84533536,0.3841373643221787,0.7893251776695251,0.54173341238608
106,0.84216094,0.3844971382970442,0.7883846759796143,0.541227432382603
107,0.84545296,0.3820651400801254,0.7888548970222473,0.5423432874547827
108,0.8432191,0.38349890029869776,0.7876793146133423,0.5427829071812817
109,0.8420434,0.38042772687670695,0.7881495356559753,0.5416904666088566
110,0.8438069,0.38722004633116336,0.7883846759796143,0.5414186873465124
111,0.8439833,0.38405637330678427,0.7888548970222473,0.5412054650368142
112,0.84492385,0.38092710387769124,0.7881495356559753,0.541821698882623
113,0.8433955,0.3824356890819346,0.7879143953323364,0.5415958798747328
114,0.8456293,0.3836328686912969,0.7886198163032532,0.541978741193866
115,0.8415143,0.3833645284508742,0.7888548970222473,0.5422053642057683
116,0.84227854,0.3846673726015891,0.7886198163032532,0.5411499469189988
